<?xml version="1.0" encoding="UTF-8"?>
<!-- Generated by org.testng.reporters.JUnitXMLReporter -->
<testsuite ignored="0" hostname="Subhash-PC" failures="1" tests="1" name="HRM Application Test Cases" time="0.502" errors="0" timestamp="2023-01-08T18:52:17 IST">
  <testcase classname="com.hrm.testcases.AdminLoginTest" name="hrmAdminLogin" time="0.0">
    <failure type="org.testng.TestNGException" message="
Cannot inject @Test annotated Method [hrmAdminLogin] with [class java.lang.String, class java.lang.String].
For more information on native dependency injection please refer to https://testng.org/doc/documentation-main.html#native-dependency-injection">
      <![CDATA[org.testng.TestNGException: 
Cannot inject @Test annotated Method [hrmAdminLogin] with [class java.lang.String, class java.lang.String].
For more information on native dependency injection please refer to https://testng.org/doc/documentation-main.html#native-dependency-injection
at java.base/java.util.ArrayList.forEach(ArrayList.java:1541)
... Removed 26 stack frames]]>
    </failure>
  </testcase> <!-- hrmAdminLogin -->
</testsuite> <!-- HRM Application Test Cases -->
