<?xml version="1.0" encoding="UTF-8"?>
<!-- Generated by org.testng.reporters.JUnitXMLReporter -->
<testsuite ignored="0" hostname="Subhash-PC" failures="1" tests="3" name="Test" time="18.893" errors="0" timestamp="2023-01-05T11:29:29 IST">
  <testcase classname="com.hrm.testcases.HrmLogin" name="hrmAdminLogin" time="2.654"/>
  <testcase classname="com.hrm.testcases.HrmLogin" name="hrmAdminLogin" time="1.431"/>
  <testcase classname="com.hrm.testcases.VerifyForgotPassword" name="passWordRest" time="1.405">
    <failure type="java.lang.AssertionError" message="The following asserts failed:
	expected [Reset Password link sent successfully] but found [test]">
      <![CDATA[java.lang.AssertionError: The following asserts failed:
expected [Reset Password link sent successfully] but found [test]
at com.hrm.testcases.VerifyForgotPassword.passWordRest(VerifyForgotPassword.java:33)
at java.base/java.util.ArrayList.forEach(ArrayList.java:1541)
... Removed 29 stack frames]]>
    </failure>
  </testcase> <!-- passWordRest -->
</testsuite> <!-- Test -->
