<?xml version="1.0" encoding="UTF-8"?>
<!-- Generated by org.testng.reporters.JUnitXMLReporter -->
<testsuite ignored="0" hostname="Subhash-PC" failures="0" tests="3" name="HRM Application Test Cases" time="18.231" errors="0" timestamp="2023-01-06T14:44:23 IST">
  <testcase classname="com.hrm.testcases.HrmLogin" name="hrmAdminLogin" time="2.378"/>
  <testcase classname="com.hrm.testcases.HrmLogin" name="hrmAdminLogin" time="1.47"/>
  <testcase classname="com.hrm.testcases.VerifyForgotPassword" name="passWordRest" time="1.594"/>
</testsuite> <!-- HRM Application Test Cases -->
