<?xml version="1.0" encoding="UTF-8"?>
<!-- Generated by org.testng.reporters.JUnitXMLReporter -->
<testsuite ignored="0" hostname="Subhash-PC" failures="1" tests="3" name="HRM Application Test Cases" time="18.509" errors="0" timestamp="2023-01-06T17:19:25 IST">
  <testcase classname="com.hrm.testcases.HrmLogin" name="hrmAdminLogin" time="2.445"/>
  <testcase classname="com.hrm.testcases.HrmLogin" name="hrmAdminLogin" time="1.528"/>
  <testcase classname="com.hrm.testcases.VerifyForgotPassword" name="passWordRest" time="1.301">
    <failure type="java.lang.AssertionError" message="The following asserts failed:
	expected [Reset Password link sent successfully] but found [test]">
      <![CDATA[java.lang.AssertionError: The following asserts failed:
expected [Reset Password link sent successfully] but found [test]
at com.hrm.testcases.VerifyForgotPassword.passWordRest(VerifyForgotPassword.java:34)
at java.base/java.util.ArrayList.forEach(ArrayList.java:1541)
... Removed 33 stack frames]]>
    </failure>
  </testcase> <!-- passWordRest -->
</testsuite> <!-- HRM Application Test Cases -->
