<?xml version="1.0" encoding="UTF-8"?>
<testsuite xmlns:xsi="http://www.w3.org/2001/XMLSchema-instance" xsi:noNamespaceSchemaLocation="https://maven.apache.org/surefire/maven-surefire-plugin/xsd/surefire-test-report-3.0.xsd" version="3.0" name="TestSuite" time="115.52" tests="3" errors="0" skipped="0" failures="1">
  <properties>
[...]
</properties>
  <testcase name="hrmAdminLogin[Admin, Subhash@9596](1)" classname="com.hrm.testcases.AdminLoginTest" time="2.442">
    <system-out><![CDATA[On Start method invoked....
[DEBUG] 2023-01-09 15:51:01.245 [main] PackageRelationshipCollection-Parsing relationship: /xl/_rels/workbook.xml.rels
[DEBUG] 2023-01-09 15:51:01.252 [main] PackageRelationshipCollection-Parsing relationship: /xl/worksheets/_rels/sheet1.xml.rels
[DEBUG] 2023-01-09 15:51:01.253 [main] PackageRelationshipCollection-Parsing relationship: /xl/worksheets/_rels/sheet2.xml.rels
[DEBUG] 2023-01-09 15:51:01.255 [main] PackageRelationshipCollection-Parsing relationship: /xl/worksheets/_rels/sheet3.xml.rels
[DEBUG] 2023-01-09 15:51:01.256 [main] PackageRelationshipCollection-Parsing relationship: /xl/worksheets/_rels/sheet4.xml.rels
[DEBUG] 2023-01-09 15:51:01.257 [main] PackageRelationshipCollection-Parsing relationship: /xl/worksheets/_rels/sheet5.xml.rels
[DEBUG] 2023-01-09 15:51:01.258 [main] PackageRelationshipCollection-Parsing relationship: /xl/worksheets/_rels/sheet6.xml.rels
[DEBUG] 2023-01-09 15:51:01.261 [main] PackageRelationshipCollection-Parsing relationship: /xl/worksheets/_rels/sheet10.xml.rels
[DEBUG] 2023-01-09 15:51:01.262 [main] PackageRelationshipCollection-Parsing relationship: /_rels/.rels
[DEBUG] 2023-01-09 15:51:01.824 [main] POIXMLFactory-using default POIXMLDocumentPart for http://schemas.openxmlformats.org/officeDocument/2006/relationships/printerSettings
[DEBUG] 2023-01-09 15:51:01.825 [main] POIXMLFactory-using default POIXMLDocumentPart for http://schemas.openxmlformats.org/officeDocument/2006/relationships/printerSettings
[DEBUG] 2023-01-09 15:51:01.825 [main] POIXMLFactory-using default POIXMLDocumentPart for http://schemas.openxmlformats.org/officeDocument/2006/relationships/printerSettings
[DEBUG] 2023-01-09 15:51:01.825 [main] POIXMLFactory-using default POIXMLDocumentPart for http://schemas.openxmlformats.org/officeDocument/2006/relationships/printerSettings
[DEBUG] 2023-01-09 15:51:01.825 [main] POIXMLFactory-using default POIXMLDocumentPart for http://schemas.openxmlformats.org/officeDocument/2006/relationships/printerSettings
[DEBUG] 2023-01-09 15:51:01.825 [main] POIXMLFactory-using default POIXMLDocumentPart for http://schemas.openxmlformats.org/officeDocument/2006/relationships/printerSettings
[DEBUG] 2023-01-09 15:51:01.827 [main] POIXMLFactory-using default POIXMLDocumentPart for http://schemas.openxmlformats.org/officeDocument/2006/relationships/printerSettings
Name of test method started:hrmAdminLogin
[INFO ] 2023-01-09 15:51:05.297 [main] HRM-***************TestCase Verify Login starts*****************
[INFO ] 2023-01-09 15:51:05.298 [main] HRM-Create Object of Home Page to call all the Elements
[INFO ] 2023-01-09 15:51:05.326 [main] HRM-Enter Username
[INFO ] 2023-01-09 15:51:05.523 [main] HRM-Enter Password
[INFO ] 2023-01-09 15:51:05.707 [main] HRM-CClick on Login Button
[INFO ] 2023-01-09 15:51:07.704 [main] HRM-Validate- Acutal and Expected Result
Title of pageOrangeHRM
[INFO ] 2023-01-09 15:51:07.717 [main] HRM-***************TestCase Verify Login ends *****************
Name of test method sucessfully executed:hrmAdminLogin
]]></system-out>
    <system-err><![CDATA[SLF4J: Failed to load class "org.slf4j.impl.StaticLoggerBinder".
SLF4J: Defaulting to no-operation (NOP) logger implementation
SLF4J: See http://www.slf4j.org/codes.html#StaticLoggerBinder for further details.
Starting ChromeDriver 108.0.5359.71 (1e0e3868ee06e91ad636a874420e3ca3ae3756ac-refs/branch-heads/5359@{#1016}) on port 29787
Only local connections are allowed.
Please see https://chromedriver.chromium.org/security-considerations for suggestions on keeping ChromeDriver safe.
ChromeDriver was started successfully.
Jan 09, 2023 3:51:04 PM org.openqa.selenium.remote.ProtocolHandshake createSession
INFO: Detected dialect: W3C
]]></system-err>
  </testcase>
  <testcase name="hrmAdminLogin[Admin, 123456.0](2)" classname="com.hrm.testcases.AdminLoginTest" time="1.497">
    <system-out><![CDATA[Name of test method started:hrmAdminLogin
[INFO ] 2023-01-09 15:51:10.326 [main] HRM-***************TestCase Verify Login starts*****************
[INFO ] 2023-01-09 15:51:10.327 [main] HRM-Create Object of Home Page to call all the Elements
[INFO ] 2023-01-09 15:51:10.327 [main] HRM-Enter Username
[INFO ] 2023-01-09 15:51:10.539 [main] HRM-Enter Password
[INFO ] 2023-01-09 15:51:10.719 [main] HRM-CClick on Login Button
[INFO ] 2023-01-09 15:51:11.811 [main] HRM-Validate- Acutal and Expected Result
Title of pageOrangeHRM
[INFO ] 2023-01-09 15:51:11.822 [main] HRM-***************TestCase Verify Login ends *****************
Name of test method sucessfully executed:hrmAdminLogin
]]></system-out>
    <system-err><![CDATA[Starting ChromeDriver 108.0.5359.71 (1e0e3868ee06e91ad636a874420e3ca3ae3756ac-refs/branch-heads/5359@{#1016}) on port 57781
Only local connections are allowed.
Please see https://chromedriver.chromium.org/security-considerations for suggestions on keeping ChromeDriver safe.
ChromeDriver was started successfully.
Jan 09, 2023 3:51:09 PM org.openqa.selenium.remote.ProtocolHandshake createSession
INFO: Detected dialect: W3C
]]></system-err>
  </testcase>
  <testcase name="passWordRest[subhash](1)" classname="com.hrm.testcases.VerifyForgotPassword" time="1.646">
    <failure message="The following asserts failed:&#10;	expected [Reset Password link sent successfully] but found [test]" type="java.lang.AssertionError"><![CDATA[java.lang.AssertionError: 
The following asserts failed:
	expected [Reset Password link sent successfully] but found [test]
	at org.testng.asserts.SoftAssert.assertAll(SoftAssert.java:46)
	at org.testng.asserts.SoftAssert.assertAll(SoftAssert.java:30)
	at com.hrm.testcases.VerifyForgotPassword.passWordRest(VerifyForgotPassword.java:33)
	at java.base/jdk.internal.reflect.NativeMethodAccessorImpl.invoke0(Native Method)
	at java.base/jdk.internal.reflect.NativeMethodAccessorImpl.invoke(NativeMethodAccessorImpl.java:62)
	at java.base/jdk.internal.reflect.DelegatingMethodAccessorImpl.invoke(DelegatingMethodAccessorImpl.java:43)
	at java.base/java.lang.reflect.Method.invoke(Method.java:566)
	at org.testng.internal.invokers.MethodInvocationHelper.invokeMethod(MethodInvocationHelper.java:139)
	at org.testng.internal.invokers.TestInvoker.invokeMethod(TestInvoker.java:677)
	at org.testng.internal.invokers.TestInvoker.invokeTestMethod(TestInvoker.java:221)
	at org.testng.internal.invokers.MethodRunner.runInSequence(MethodRunner.java:50)
	at org.testng.internal.invokers.TestInvoker$MethodInvocationAgent.invoke(TestInvoker.java:962)
	at org.testng.internal.invokers.TestInvoker.invokeTestMethods(TestInvoker.java:194)
	at org.testng.internal.invokers.TestMethodWorker.invokeTestMethods(TestMethodWorker.java:148)
	at org.testng.internal.invokers.TestMethodWorker.run(TestMethodWorker.java:128)
	at java.base/java.util.ArrayList.forEach(ArrayList.java:1541)
	at org.testng.TestRunner.privateRun(TestRunner.java:806)
	at org.testng.TestRunner.run(TestRunner.java:601)
	at org.testng.SuiteRunner.runTest(SuiteRunner.java:433)
	at org.testng.SuiteRunner.runSequentially(SuiteRunner.java:427)
	at org.testng.SuiteRunner.privateRun(SuiteRunner.java:387)
	at org.testng.SuiteRunner.run(SuiteRunner.java:330)
	at org.testng.SuiteRunnerWorker.runSuite(SuiteRunnerWorker.java:52)
	at org.testng.SuiteRunnerWorker.run(SuiteRunnerWorker.java:95)
	at org.testng.TestNG.runSuitesSequentially(TestNG.java:1256)
	at org.testng.TestNG.runSuitesLocally(TestNG.java:1176)
	at org.testng.TestNG.runSuites(TestNG.java:1099)
	at org.testng.TestNG.run(TestNG.java:1067)
	at org.apache.maven.surefire.testng.TestNGExecutor.run(TestNGExecutor.java:324)
	at org.apache.maven.surefire.testng.TestNGXmlTestSuite.execute(TestNGXmlTestSuite.java:74)
	at org.apache.maven.surefire.testng.TestNGProvider.invoke(TestNGProvider.java:123)
	at org.apache.maven.surefire.booter.ForkedBooter.runSuitesInProcess(ForkedBooter.java:456)
	at org.apache.maven.surefire.booter.ForkedBooter.execute(ForkedBooter.java:169)
	at org.apache.maven.surefire.booter.ForkedBooter.run(ForkedBooter.java:595)
	at org.apache.maven.surefire.booter.ForkedBooter.main(ForkedBooter.java:581)
]]></failure>
    <system-out><![CDATA[[DEBUG] 2023-01-09 15:51:12.506 [main] PackageRelationshipCollection-Parsing relationship: /xl/_rels/workbook.xml.rels
[DEBUG] 2023-01-09 15:51:12.508 [main] PackageRelationshipCollection-Parsing relationship: /xl/worksheets/_rels/sheet1.xml.rels
[DEBUG] 2023-01-09 15:51:12.510 [main] PackageRelationshipCollection-Parsing relationship: /xl/worksheets/_rels/sheet2.xml.rels
[DEBUG] 2023-01-09 15:51:12.512 [main] PackageRelationshipCollection-Parsing relationship: /xl/worksheets/_rels/sheet3.xml.rels
[DEBUG] 2023-01-09 15:51:12.513 [main] PackageRelationshipCollection-Parsing relationship: /xl/worksheets/_rels/sheet4.xml.rels
[DEBUG] 2023-01-09 15:51:12.515 [main] PackageRelationshipCollection-Parsing relationship: /xl/worksheets/_rels/sheet5.xml.rels
[DEBUG] 2023-01-09 15:51:12.516 [main] PackageRelationshipCollection-Parsing relationship: /xl/worksheets/_rels/sheet6.xml.rels
[DEBUG] 2023-01-09 15:51:12.518 [main] PackageRelationshipCollection-Parsing relationship: /xl/worksheets/_rels/sheet10.xml.rels
[DEBUG] 2023-01-09 15:51:12.520 [main] PackageRelationshipCollection-Parsing relationship: /_rels/.rels
[DEBUG] 2023-01-09 15:51:12.548 [main] POIXMLFactory-using default POIXMLDocumentPart for http://schemas.openxmlformats.org/officeDocument/2006/relationships/printerSettings
[DEBUG] 2023-01-09 15:51:12.549 [main] POIXMLFactory-using default POIXMLDocumentPart for http://schemas.openxmlformats.org/officeDocument/2006/relationships/printerSettings
[DEBUG] 2023-01-09 15:51:12.549 [main] POIXMLFactory-using default POIXMLDocumentPart for http://schemas.openxmlformats.org/officeDocument/2006/relationships/printerSettings
[DEBUG] 2023-01-09 15:51:12.556 [main] POIXMLFactory-using default POIXMLDocumentPart for http://schemas.openxmlformats.org/officeDocument/2006/relationships/printerSettings
[DEBUG] 2023-01-09 15:51:12.561 [main] POIXMLFactory-using default POIXMLDocumentPart for http://schemas.openxmlformats.org/officeDocument/2006/relationships/printerSettings
[DEBUG] 2023-01-09 15:51:12.561 [main] POIXMLFactory-using default POIXMLDocumentPart for http://schemas.openxmlformats.org/officeDocument/2006/relationships/printerSettings
[DEBUG] 2023-01-09 15:51:12.562 [main] POIXMLFactory-using default POIXMLDocumentPart for http://schemas.openxmlformats.org/officeDocument/2006/relationships/printerSettings
Name of test method started:passWordRest
[INFO ] 2023-01-09 15:51:14.706 [main] HRM-****TestCase Verify ForGot Password starts*****
[INFO ] 2023-01-09 15:51:14.710 [main] HRM-Click on Forgot Password Link
[INFO ] 2023-01-09 15:51:15.331 [main] HRM-Enter Username
[INFO ] 2023-01-09 15:51:15.562 [main] HRM-Click on ResetPassword button
[INFO ] 2023-01-09 15:51:16.132 [main] HRM-Validation - Verify Exp and Act Result
Name of test method failed: passWordRest
]]></system-out>
    <system-err><![CDATA[Starting ChromeDriver 108.0.5359.71 (1e0e3868ee06e91ad636a874420e3ca3ae3756ac-refs/branch-heads/5359@{#1016}) on port 49877
Only local connections are allowed.
Please see https://chromedriver.chromium.org/security-considerations for suggestions on keeping ChromeDriver safe.
ChromeDriver was started successfully.
Jan 09, 2023 3:51:13 PM org.openqa.selenium.remote.ProtocolHandshake createSession
INFO: Detected dialect: W3C
]]></system-err>
  </testcase>
</testsuite>