<?xml version="1.0" encoding="UTF-8"?>
<testng-results ignored="0" total="3" passed="2" failed="1" skipped="0">
  <reporter-output>
  </reporter-output>
  <suite started-at="2023-01-06T17:19:06 IST" name="Suite" finished-at="2023-01-06T17:19:25 IST" duration-ms="18509">
    <groups>
    </groups>
    <test started-at="2023-01-06T17:19:06 IST" name="HRM Application Test Cases" finished-at="2023-01-06T17:19:25 IST" duration-ms="18509">
      <class name="com.hrm.testcases.VerifyForgotPassword">
        <test-method is-config="true" signature="setUp()[pri:0, instance:com.hrm.testcases.VerifyForgotPassword@72e5a8e]" started-at="2023-01-06T17:19:20 IST" name="setUp" finished-at="2023-01-06T17:19:23 IST" duration-ms="2496" status="PASS">
          <reporter-output>
          </reporter-output>
        </test-method> <!-- setUp -->
        <test-method signature="passWordRest()[pri:0, instance:com.hrm.testcases.VerifyForgotPassword@72e5a8e]" started-at="2023-01-06T17:19:23 IST" name="passWordRest" finished-at="2023-01-06T17:19:24 IST" duration-ms="1301" status="FAIL">
          <exception class="java.lang.AssertionError">
            <message>
              <![CDATA[The following asserts failed:
expected [Reset Password link sent successfully] but found [test]]]>
            </message>
            <full-stacktrace>
              <![CDATA[java.lang.AssertionError: The following asserts failed:
expected [Reset Password link sent successfully] but found [test]
at org.testng.asserts.SoftAssert.assertAll(SoftAssert.java:46)
at org.testng.asserts.SoftAssert.assertAll(SoftAssert.java:30)
at com.hrm.testcases.VerifyForgotPassword.passWordRest(VerifyForgotPassword.java:34)
at java.base/jdk.internal.reflect.NativeMethodAccessorImpl.invoke0(Native Method)
at java.base/jdk.internal.reflect.NativeMethodAccessorImpl.invoke(NativeMethodAccessorImpl.java:62)
at java.base/jdk.internal.reflect.DelegatingMethodAccessorImpl.invoke(DelegatingMethodAccessorImpl.java:43)
at java.base/java.lang.reflect.Method.invoke(Method.java:566)
at org.testng.internal.invokers.MethodInvocationHelper.invokeMethod(MethodInvocationHelper.java:139)
at org.testng.internal.invokers.TestInvoker.invokeMethod(TestInvoker.java:677)
at org.testng.internal.invokers.TestInvoker.invokeTestMethod(TestInvoker.java:221)
at org.testng.internal.invokers.MethodRunner.runInSequence(MethodRunner.java:50)
at org.testng.internal.invokers.TestInvoker$MethodInvocationAgent.invoke(TestInvoker.java:962)
at org.testng.internal.invokers.TestInvoker.invokeTestMethods(TestInvoker.java:194)
at org.testng.internal.invokers.TestMethodWorker.invokeTestMethods(TestMethodWorker.java:148)
at org.testng.internal.invokers.TestMethodWorker.run(TestMethodWorker.java:128)
at java.base/java.util.ArrayList.forEach(ArrayList.java:1541)
at org.testng.TestRunner.privateRun(TestRunner.java:806)
at org.testng.TestRunner.run(TestRunner.java:601)
at org.testng.SuiteRunner.runTest(SuiteRunner.java:433)
at org.testng.SuiteRunner.runSequentially(SuiteRunner.java:427)
at org.testng.SuiteRunner.privateRun(SuiteRunner.java:387)
at org.testng.SuiteRunner.run(SuiteRunner.java:330)
at org.testng.SuiteRunnerWorker.runSuite(SuiteRunnerWorker.java:52)
at org.testng.SuiteRunnerWorker.run(SuiteRunnerWorker.java:95)
at org.testng.TestNG.runSuitesSequentially(TestNG.java:1256)
at org.testng.TestNG.runSuitesLocally(TestNG.java:1176)
at org.testng.TestNG.runSuites(TestNG.java:1099)
at org.testng.TestNG.run(TestNG.java:1067)
at org.apache.maven.surefire.testng.TestNGExecutor.run(TestNGExecutor.java:324)
at org.apache.maven.surefire.testng.TestNGXmlTestSuite.execute(TestNGXmlTestSuite.java:74)
at org.apache.maven.surefire.testng.TestNGProvider.invoke(TestNGProvider.java:123)
at org.apache.maven.surefire.booter.ForkedBooter.runSuitesInProcess(ForkedBooter.java:456)
at org.apache.maven.surefire.booter.ForkedBooter.execute(ForkedBooter.java:169)
at org.apache.maven.surefire.booter.ForkedBooter.run(ForkedBooter.java:595)
at org.apache.maven.surefire.booter.ForkedBooter.main(ForkedBooter.java:581)
]]>
            </full-stacktrace>
          </exception> <!-- java.lang.AssertionError -->
          <reporter-output>
          </reporter-output>
        </test-method> <!-- passWordRest -->
        <test-method is-config="true" signature="tearDown()[pri:0, instance:com.hrm.testcases.VerifyForgotPassword@72e5a8e]" started-at="2023-01-06T17:19:24 IST" name="tearDown" finished-at="2023-01-06T17:19:25 IST" duration-ms="620" status="PASS">
          <reporter-output>
          </reporter-output>
        </test-method> <!-- tearDown -->
      </class> <!-- com.hrm.testcases.VerifyForgotPassword -->
      <class name="com.hrm.testcases.HrmLogin">
        <test-method is-config="true" signature="setUp()[pri:0, instance:com.hrm.testcases.HrmLogin@7d4f9aae]" started-at="2023-01-06T17:19:08 IST" name="setUp" finished-at="2023-01-06T17:19:12 IST" duration-ms="4551" status="PASS">
          <reporter-output>
          </reporter-output>
        </test-method> <!-- setUp -->
        <test-method signature="hrmAdminLogin(java.lang.String,java.lang.String)[pri:0, instance:com.hrm.testcases.HrmLogin@7d4f9aae]" started-at="2023-01-06T17:19:12 IST" name="hrmAdminLogin" data-provider="Login_Data" finished-at="2023-01-06T17:19:15 IST" duration-ms="2445" status="PASS">
          <params>
            <param index="0">
              <value>
                <![CDATA[Admin]]>
              </value>
            </param>
            <param index="1">
              <value>
                <![CDATA[Subhash@9596]]>
              </value>
            </param>
          </params>
          <reporter-output>
          </reporter-output>
        </test-method> <!-- hrmAdminLogin -->
        <test-method is-config="true" signature="tearDown()[pri:0, instance:com.hrm.testcases.HrmLogin@7d4f9aae]" started-at="2023-01-06T17:19:15 IST" name="tearDown" finished-at="2023-01-06T17:19:15 IST" duration-ms="610" status="PASS">
          <reporter-output>
          </reporter-output>
        </test-method> <!-- tearDown -->
        <test-method is-config="true" signature="setUp()[pri:0, instance:com.hrm.testcases.HrmLogin@7d4f9aae]" started-at="2023-01-06T17:19:15 IST" name="setUp" finished-at="2023-01-06T17:19:18 IST" duration-ms="2586" status="PASS">
          <reporter-output>
          </reporter-output>
        </test-method> <!-- setUp -->
        <test-method signature="hrmAdminLogin(java.lang.String,java.lang.String)[pri:0, instance:com.hrm.testcases.HrmLogin@7d4f9aae]" started-at="2023-01-06T17:19:18 IST" name="hrmAdminLogin" data-provider="Login_Data" finished-at="2023-01-06T17:19:19 IST" duration-ms="1528" status="PASS">
          <params>
            <param index="0">
              <value>
                <![CDATA[Admin]]>
              </value>
            </param>
            <param index="1">
              <value>
                <![CDATA[123456.0]]>
              </value>
            </param>
          </params>
          <reporter-output>
          </reporter-output>
        </test-method> <!-- hrmAdminLogin -->
        <test-method is-config="true" signature="tearDown()[pri:0, instance:com.hrm.testcases.HrmLogin@7d4f9aae]" started-at="2023-01-06T17:19:19 IST" name="tearDown" finished-at="2023-01-06T17:19:20 IST" duration-ms="641" status="PASS">
          <reporter-output>
          </reporter-output>
        </test-method> <!-- tearDown -->
      </class> <!-- com.hrm.testcases.HrmLogin -->
    </test> <!-- HRM Application Test Cases -->
  </suite> <!-- Suite -->
</testng-results>
