<?xml version="1.0" encoding="UTF-8"?>
<testng-results ignored="0" total="3" passed="3" failed="0" skipped="0">
  <reporter-output>
  </reporter-output>
  <suite started-at="2023-01-05T18:43:40 IST" name="Suite" finished-at="2023-01-05T18:43:54 IST" duration-ms="13717">
    <groups>
    </groups>
    <test started-at="2023-01-05T18:43:40 IST" name="HRM Application Test Cases" finished-at="2023-01-05T18:43:54 IST" duration-ms="13717">
      <class name="com.hrm.testcases.VerifyForgotPassword">
        <test-method is-config="true" signature="setUp()[pri:0, instance:com.hrm.testcases.VerifyForgotPassword@72e5a8e]" started-at="2023-01-05T18:43:51 IST" name="setUp" finished-at="2023-01-05T18:43:52 IST" duration-ms="1813" status="PASS">
          <reporter-output>
          </reporter-output>
        </test-method> <!-- setUp -->
        <test-method signature="passWordRest()[pri:0, instance:com.hrm.testcases.VerifyForgotPassword@72e5a8e]" started-at="2023-01-05T18:43:52 IST" name="passWordRest" finished-at="2023-01-05T18:43:53 IST" duration-ms="1009" status="PASS">
          <reporter-output>
          </reporter-output>
        </test-method> <!-- passWordRest -->
        <test-method is-config="true" signature="tearDown()[pri:0, instance:com.hrm.testcases.VerifyForgotPassword@72e5a8e]" started-at="2023-01-05T18:43:53 IST" name="tearDown" finished-at="2023-01-05T18:43:54 IST" duration-ms="618" status="PASS">
          <reporter-output>
          </reporter-output>
        </test-method> <!-- tearDown -->
      </class> <!-- com.hrm.testcases.VerifyForgotPassword -->
      <class name="com.hrm.testcases.HrmLogin">
        <test-method is-config="true" signature="setUp()[pri:0, instance:com.hrm.testcases.HrmLogin@7d4f9aae]" started-at="2023-01-05T18:43:42 IST" name="setUp" finished-at="2023-01-05T18:43:45 IST" duration-ms="2972" status="PASS">
          <reporter-output>
          </reporter-output>
        </test-method> <!-- setUp -->
        <test-method signature="hrmAdminLogin(java.lang.String,java.lang.String)[pri:0, instance:com.hrm.testcases.HrmLogin@7d4f9aae]" started-at="2023-01-05T18:43:45 IST" name="hrmAdminLogin" data-provider="Login_Data" finished-at="2023-01-05T18:43:46 IST" duration-ms="1774" status="PASS">
          <params>
            <param index="0">
              <value>
                <![CDATA[Admin]]>
              </value>
            </param>
            <param index="1">
              <value>
                <![CDATA[Subhash@9596]]>
              </value>
            </param>
          </params>
          <reporter-output>
          </reporter-output>
        </test-method> <!-- hrmAdminLogin -->
        <test-method is-config="true" signature="tearDown()[pri:0, instance:com.hrm.testcases.HrmLogin@7d4f9aae]" started-at="2023-01-05T18:43:47 IST" name="tearDown" finished-at="2023-01-05T18:43:47 IST" duration-ms="630" status="PASS">
          <reporter-output>
          </reporter-output>
        </test-method> <!-- tearDown -->
        <test-method is-config="true" signature="setUp()[pri:0, instance:com.hrm.testcases.HrmLogin@7d4f9aae]" started-at="2023-01-05T18:43:47 IST" name="setUp" finished-at="2023-01-05T18:43:49 IST" duration-ms="1869" status="PASS">
          <reporter-output>
          </reporter-output>
        </test-method> <!-- setUp -->
        <test-method signature="hrmAdminLogin(java.lang.String,java.lang.String)[pri:0, instance:com.hrm.testcases.HrmLogin@7d4f9aae]" started-at="2023-01-05T18:43:49 IST" name="hrmAdminLogin" data-provider="Login_Data" finished-at="2023-01-05T18:43:50 IST" duration-ms="996" status="PASS">
          <params>
            <param index="0">
              <value>
                <![CDATA[Admin]]>
              </value>
            </param>
            <param index="1">
              <value>
                <![CDATA[123456.0]]>
              </value>
            </param>
          </params>
          <reporter-output>
          </reporter-output>
        </test-method> <!-- hrmAdminLogin -->
        <test-method is-config="true" signature="tearDown()[pri:0, instance:com.hrm.testcases.HrmLogin@7d4f9aae]" started-at="2023-01-05T18:43:50 IST" name="tearDown" finished-at="2023-01-05T18:43:51 IST" duration-ms="615" status="PASS">
          <reporter-output>
          </reporter-output>
        </test-method> <!-- tearDown -->
      </class> <!-- com.hrm.testcases.HrmLogin -->
    </test> <!-- HRM Application Test Cases -->
  </suite> <!-- Suite -->
</testng-results>
