<?xml version="1.0" encoding="UTF-8"?>
<testng-results ignored="0" total="2" passed="2" failed="0" skipped="0">
  <reporter-output>
  </reporter-output>
  <suite started-at="2023-01-08T18:55:35 IST" name="Default suite" finished-at="2023-01-08T18:55:54 IST" duration-ms="19079">
    <groups>
    </groups>
    <test started-at="2023-01-08T18:55:35 IST" name="Default test" finished-at="2023-01-08T18:55:54 IST" duration-ms="19079">
      <class name="com.hrm.testcases.AdminLoginTest">
        <test-method is-config="true" signature="setUp()[pri:0, instance:com.hrm.testcases.AdminLoginTest@28f2a10f]" started-at="2023-01-08T18:55:36 IST" name="setUp" finished-at="2023-01-08T18:55:43 IST" duration-ms="6762" status="PASS">
          <reporter-output>
          </reporter-output>
        </test-method> <!-- setUp -->
        <test-method signature="hrmAdminLogin(java.lang.String,java.lang.String)[pri:0, instance:com.hrm.testcases.AdminLoginTest@28f2a10f]" started-at="2023-01-08T18:55:43 IST" name="hrmAdminLogin" data-provider="Login_Data" finished-at="2023-01-08T18:55:49 IST" duration-ms="6298" status="PASS">
          <params>
            <param index="0">
              <value>
                <![CDATA[Admin]]>
              </value>
            </param>
            <param index="1">
              <value>
                <![CDATA[Subhash@9596]]>
              </value>
            </param>
          </params>
          <reporter-output>
          </reporter-output>
        </test-method> <!-- hrmAdminLogin -->
        <test-method is-config="true" signature="tearDown()[pri:0, instance:com.hrm.testcases.AdminLoginTest@28f2a10f]" started-at="2023-01-08T18:55:49 IST" name="tearDown" finished-at="2023-01-08T18:55:50 IST" duration-ms="734" status="PASS">
          <reporter-output>
          </reporter-output>
        </test-method> <!-- tearDown -->
        <test-method is-config="true" signature="setUp()[pri:0, instance:com.hrm.testcases.AdminLoginTest@28f2a10f]" started-at="2023-01-08T18:55:50 IST" name="setUp" finished-at="2023-01-08T18:55:52 IST" duration-ms="2064" status="PASS">
          <reporter-output>
          </reporter-output>
        </test-method> <!-- setUp -->
        <test-method signature="hrmAdminLogin(java.lang.String,java.lang.String)[pri:0, instance:com.hrm.testcases.AdminLoginTest@28f2a10f]" started-at="2023-01-08T18:55:52 IST" name="hrmAdminLogin" data-provider="Login_Data" finished-at="2023-01-08T18:55:53 IST" duration-ms="1378" status="PASS">
          <params>
            <param index="0">
              <value>
                <![CDATA[Admin]]>
              </value>
            </param>
            <param index="1">
              <value>
                <![CDATA[123456.0]]>
              </value>
            </param>
          </params>
          <reporter-output>
          </reporter-output>
        </test-method> <!-- hrmAdminLogin -->
        <test-method is-config="true" signature="tearDown()[pri:0, instance:com.hrm.testcases.AdminLoginTest@28f2a10f]" started-at="2023-01-08T18:55:53 IST" name="tearDown" finished-at="2023-01-08T18:55:54 IST" duration-ms="636" status="PASS">
          <reporter-output>
          </reporter-output>
        </test-method> <!-- tearDown -->
      </class> <!-- com.hrm.testcases.AdminLoginTest -->
    </test> <!-- Default test -->
  </suite> <!-- Default suite -->
</testng-results>
